2025-01-30 09:05:02,909 - INFO - No cookies file found at cookies.json.
2025-01-30 09:05:02,910 - INFO - Attempting to log in...
2025-01-30 09:05:03,144 - INFO - HTTP Request: GET https://x.com "HTTP/1.1 200 OK"
2025-01-30 09:05:03,479 - INFO - HTTP Request: GET https://twitter.com/x/migrate?tok=7b2265223a222f222c2274223a313733383232343330337dda03cf3282e49f0d3c61b7b8cd13afb8 "HTTP/1.1 200 OK"
2025-01-30 09:05:03,675 - INFO - HTTP Request: POST https://x.com/x/migrate/?mx=2 "HTTP/1.1 200 OK"
2025-01-30 09:05:04,110 - INFO - HTTP Request: GET https://abs.twimg.com/responsive-web/client-web/ondemand.s.731981da.js "HTTP/1.1 200 OK"
2025-01-30 09:05:04,496 - INFO - HTTP Request: POST https://api.x.com/1.1/guest/activate.json "HTTP/1.1 200 OK"
2025-01-30 09:05:04,886 - INFO - HTTP Request: POST https://api.x.com/1.1/onboarding/task.json?flow_name=login "HTTP/1.1 200 OK"
2025-01-30 09:05:05,155 - INFO - HTTP Request: POST https://api.x.com/1.1/onboarding/sso_init.json "HTTP/1.1 200 OK"
2025-01-30 09:05:05,342 - INFO - HTTP Request: GET https://twitter.com/i/js_inst?c_name=ui_metrics "HTTP/1.1 200 OK"
2025-01-30 09:05:05,664 - INFO - HTTP Request: POST https://api.x.com/1.1/onboarding/task.json "HTTP/1.1 200 OK"
2025-01-30 09:05:06,090 - INFO - HTTP Request: POST https://api.x.com/1.1/onboarding/task.json "HTTP/1.1 200 OK"
2025-01-30 09:05:06,091 - CRITICAL - Critical error: We hebben een inlogpoging bij je account geblokkeerd omdat we niet zeker wisten of jij het wel was.

Dit gebeurt wanneer we ongebruikelijke inlogactiviteit opmerken. Denk aan een poging om te veel keer in te loggen, of vanaf een andere locatie of ander apparaat.

Je moet wachten voordat je opnieuw kan inloggen. Sommige blokkades worden automatisch opgeheven.

Hier vind je hulp als je problemen met inloggen hebt.
2025-01-30 09:05:08,978 - INFO - No cookies file found at cookies.json.
2025-01-30 09:05:08,979 - INFO - Attempting to log in...
2025-01-30 09:05:09,381 - INFO - HTTP Request: GET https://x.com "HTTP/1.1 200 OK"
2025-01-30 09:05:09,952 - INFO - HTTP Request: GET https://twitter.com/x/migrate?tok=7b2265223a222f222c2274223a313733383232343330397d04b7ac34c1ae446506b94e2c7b03fef1 "HTTP/1.1 200 OK"
2025-01-30 09:05:10,253 - INFO - HTTP Request: POST https://x.com/x/migrate/?mx=2 "HTTP/1.1 200 OK"
2025-01-30 09:05:10,972 - INFO - HTTP Request: GET https://abs.twimg.com/responsive-web/client-web/ondemand.s.731981da.js "HTTP/1.1 200 OK"
2025-01-30 09:05:11,486 - INFO - HTTP Request: POST https://api.x.com/1.1/guest/activate.json "HTTP/1.1 200 OK"
2025-01-30 09:05:11,697 - INFO - HTTP Request: POST https://api.x.com/1.1/onboarding/task.json?flow_name=login "HTTP/1.1 200 OK"
2025-01-30 09:05:11,880 - INFO - HTTP Request: POST https://api.x.com/1.1/onboarding/sso_init.json "HTTP/1.1 200 OK"
2025-01-30 09:05:12,068 - INFO - HTTP Request: GET https://twitter.com/i/js_inst?c_name=ui_metrics "HTTP/1.1 200 OK"
2025-01-30 09:05:12,320 - INFO - HTTP Request: POST https://api.x.com/1.1/onboarding/task.json "HTTP/1.1 200 OK"
2025-01-30 09:05:12,704 - INFO - HTTP Request: POST https://api.x.com/1.1/onboarding/task.json "HTTP/1.1 200 OK"
2025-01-30 09:05:13,243 - INFO - HTTP Request: POST https://api.x.com/1.1/onboarding/task.json "HTTP/1.1 200 OK"
2025-01-30 09:05:13,452 - INFO - HTTP Request: POST https://api.x.com/1.1/onboarding/task.json "HTTP/1.1 200 OK"
2025-01-30 09:05:13,455 - INFO - Cookies saved successfully to cookies.json.
2025-01-30 09:05:13,455 - INFO - Login successful and cookies saved.
2025-01-30 09:05:13,456 - INFO - Starting search for thread emoji tweets...
2025-01-30 09:05:15,103 - INFO - HTTP Request: GET https://x.com/i/api/graphql/flaR-PUMshxFWZWPNpq4zA/SearchTimeline?variables=%7B%22rawQuery%22%3A+%22Suicide+Drive+Thru%22%2C+%22count%22%3A+20%2C+%22querySource%22%3A+%22typed_query%22%2C+%22product%22%3A+%22Top%22%7D&features=%7B%22creator_subscriptions_tweet_preview_api_enabled%22%3A+true%2C+%22c9s_tweet_anatomy_moderator_badge_enabled%22%3A+true%2C+%22tweetypie_unmention_optimization_enabled%22%3A+true%2C+%22responsive_web_edit_tweet_api_enabled%22%3A+true%2C+%22graphql_is_translatable_rweb_tweet_is_translatable_enabled%22%3A+true%2C+%22view_counts_everywhere_api_enabled%22%3A+true%2C+%22longform_notetweets_consumption_enabled%22%3A+true%2C+%22responsive_web_twitter_article_tweet_consumption_enabled%22%3A+true%2C+%22tweet_awards_web_tipping_enabled%22%3A+false%2C+%22longform_notetweets_rich_text_read_enabled%22%3A+true%2C+%22longform_notetweets_inline_media_enabled%22%3A+true%2C+%22rweb_video_timestamps_enabled%22%3A+true%2C+%22responsive_web_graphql_exclude_directive_enabled%22%3A+true%2C+%22verified_phone_label_enabled%22%3A+false%2C+%22freedom_of_speech_not_reach_fetch_enabled%22%3A+true%2C+%22standardized_nudges_misinfo%22%3A+true%2C+%22tweet_with_visibility_results_prefer_gql_limited_actions_policy_enabled%22%3A+true%2C+%22responsive_web_media_download_video_enabled%22%3A+false%2C+%22responsive_web_graphql_skip_user_profile_image_extensions_enabled%22%3A+false%2C+%22responsive_web_graphql_timeline_navigation_enabled%22%3A+true%2C+%22responsive_web_enhance_cards_enabled%22%3A+false%7D "HTTP/1.1 200 OK"
2025-01-30 09:05:15,126 - INFO - 🔍 Found 19 potential tweets
2025-01-30 09:05:15,127 - INFO - No threads found. Displaying top 3 tweets.
2025-01-30 09:05:15,127 - INFO - Top Tweet #1 - ID: 1824089978168590534, User: News 5 Cleveland, Content: Taco Bell in Stow along Graham Road is CLOSED following a murder-suicide in the drive-thru lane last night. #TacoBell #Stow #News5 https://t.co/hYu5tx2zNf
2025-01-30 09:05:15,127 - INFO - Top Tweet #2 - ID: 1884089314482741685, User: Ulfy🇩🇰🇸🇪🇸🇯, Content: "If you're feeling suicidal, be sure to shoot yourself in the middle of a crowded train station so as to inconvenience and traumatize the maximum amount of people possible." https://t.co/naHQBJ1Crt
2025-01-30 09:05:15,127 - INFO - Top Tweet #3 - ID: 1879244576344666496, User: Poe's Law, Esq: Poe's Lawyer, Content: OK, so this guy killed himself the next day 

Apparently, it was a place called Bikini Barista, like Starbucks if it was a Hooters.

They get guys exposing themselves semi often, but this guy was a repeat offender so that’s why she was recording https://t.co/Cy47Z6miCg
2025-01-30 09:05:17,966 - INFO - HTTP Request: GET https://x.com "HTTP/1.1 200 OK"
2025-01-30 09:05:18,598 - INFO - HTTP Request: GET https://abs.twimg.com/responsive-web/client-web/ondemand.s.731981da.js "HTTP/1.1 200 OK"
2025-01-30 09:05:18,932 - INFO - HTTP Request: GET https://api.x.com/1.1/account/settings.json "HTTP/1.1 200 OK"
2025-01-30 09:05:19,166 - INFO - HTTP Request: GET https://x.com/i/api/graphql/NimuplG1OB7Fd2btCLdBOw/UserByScreenName?variables=%7B%22screen_name%22%3A+%22bruv911317%22%2C+%22withSafetyModeUserFields%22%3A+false%7D&features=%7B%22hidden_profile_likes_enabled%22%3A+true%2C+%22hidden_profile_subscriptions_enabled%22%3A+true%2C+%22responsive_web_graphql_exclude_directive_enabled%22%3A+true%2C+%22verified_phone_label_enabled%22%3A+false%2C+%22subscriptions_verification_info_is_identity_verified_enabled%22%3A+true%2C+%22subscriptions_verification_info_verified_since_enabled%22%3A+true%2C+%22highlights_tweets_tab_ui_enabled%22%3A+true%2C+%22responsive_web_twitter_article_notes_tab_enabled%22%3A+false%2C+%22creator_subscriptions_tweet_preview_api_enabled%22%3A+true%2C+%22responsive_web_graphql_skip_user_profile_image_extensions_enabled%22%3A+false%2C+%22responsive_web_graphql_timeline_navigation_enabled%22%3A+true%7D&fieldToggles=%7B%22withAuxiliaryUserLabels%22%3A+false%7D "HTTP/1.1 200 OK"
2025-01-30 09:05:19,442 - INFO - HTTP Request: GET https://x.com/i/api/graphql/tD8zKvQzwY3kdx5yz6YmOw/UserByRestId?variables=%7B%22userId%22%3A+%221884688222711877632%22%2C+%22withSafetyModeUserFields%22%3A+true%7D&features=%7B%22hidden_profile_likes_enabled%22%3A+true%2C+%22hidden_profile_subscriptions_enabled%22%3A+true%2C+%22responsive_web_graphql_exclude_directive_enabled%22%3A+true%2C+%22verified_phone_label_enabled%22%3A+false%2C+%22subscriptions_verification_info_is_identity_verified_enabled%22%3A+true%2C+%22subscriptions_verification_info_verified_since_enabled%22%3A+true%2C+%22highlights_tweets_tab_ui_enabled%22%3A+true%2C+%22responsive_web_twitter_article_notes_tab_enabled%22%3A+false%2C+%22creator_subscriptions_tweet_preview_api_enabled%22%3A+true%2C+%22responsive_web_graphql_skip_user_profile_image_extensions_enabled%22%3A+false%2C+%22responsive_web_graphql_timeline_navigation_enabled%22%3A+true%7D "HTTP/1.1 200 OK"
2025-01-30 09:05:19,444 - INFO - Loaded cookies successfully. Logged in as bruv (@bruv911317).
2025-01-30 09:05:19,444 - INFO - Starting search for thread emoji tweets...
2025-01-30 09:05:21,002 - INFO - HTTP Request: GET https://x.com/i/api/graphql/flaR-PUMshxFWZWPNpq4zA/SearchTimeline?variables=%7B%22rawQuery%22%3A+%22Suicide+Drive+Thru%22%2C+%22count%22%3A+20%2C+%22querySource%22%3A+%22typed_query%22%2C+%22product%22%3A+%22Top%22%7D&features=%7B%22creator_subscriptions_tweet_preview_api_enabled%22%3A+true%2C+%22c9s_tweet_anatomy_moderator_badge_enabled%22%3A+true%2C+%22tweetypie_unmention_optimization_enabled%22%3A+true%2C+%22responsive_web_edit_tweet_api_enabled%22%3A+true%2C+%22graphql_is_translatable_rweb_tweet_is_translatable_enabled%22%3A+true%2C+%22view_counts_everywhere_api_enabled%22%3A+true%2C+%22longform_notetweets_consumption_enabled%22%3A+true%2C+%22responsive_web_twitter_article_tweet_consumption_enabled%22%3A+true%2C+%22tweet_awards_web_tipping_enabled%22%3A+false%2C+%22longform_notetweets_rich_text_read_enabled%22%3A+true%2C+%22longform_notetweets_inline_media_enabled%22%3A+true%2C+%22rweb_video_timestamps_enabled%22%3A+true%2C+%22responsive_web_graphql_exclude_directive_enabled%22%3A+true%2C+%22verified_phone_label_enabled%22%3A+false%2C+%22freedom_of_speech_not_reach_fetch_enabled%22%3A+true%2C+%22standardized_nudges_misinfo%22%3A+true%2C+%22tweet_with_visibility_results_prefer_gql_limited_actions_policy_enabled%22%3A+true%2C+%22responsive_web_media_download_video_enabled%22%3A+false%2C+%22responsive_web_graphql_skip_user_profile_image_extensions_enabled%22%3A+false%2C+%22responsive_web_graphql_timeline_navigation_enabled%22%3A+true%2C+%22responsive_web_enhance_cards_enabled%22%3A+false%7D "HTTP/1.1 200 OK"
2025-01-30 09:05:21,072 - INFO - 🔍 Found 19 potential tweets
2025-01-30 09:05:21,072 - INFO - No threads found. Displaying top 3 tweets.
2025-01-30 09:05:21,072 - INFO - Top Tweet #1 - ID: 1824089978168590534, User: News 5 Cleveland, Content: Taco Bell in Stow along Graham Road is CLOSED following a murder-suicide in the drive-thru lane last night. #TacoBell #Stow #News5 https://t.co/hYu5tx2zNf
2025-01-30 09:05:21,072 - INFO - Top Tweet #2 - ID: 1879244576344666496, User: Poe's Law, Esq: Poe's Lawyer, Content: OK, so this guy killed himself the next day 

Apparently, it was a place called Bikini Barista, like Starbucks if it was a Hooters.

They get guys exposing themselves semi often, but this guy was a repeat offender so that’s why she was recording https://t.co/Cy47Z6miCg
2025-01-30 09:05:21,072 - INFO - Top Tweet #3 - ID: 1880745847299940829, User: Dom Lucre | Breaker of Narratives, Content: 🔥🚨DEVELOPING: Another man was caught without pants at a drive thru. Just a few days ago an Arizona man who was caught at a drive thru without pants committed suicide shortly after the video went viral. X users are calling this a ‘goondemic.’ https://t.co/SO73FXnqz3
2025-01-30 09:05:26,057 - INFO - HTTP Request: GET https://x.com "HTTP/1.1 200 OK"
2025-01-30 09:05:28,468 - INFO - HTTP Request: GET https://abs.twimg.com/responsive-web/client-web/ondemand.s.731981da.js "HTTP/1.1 200 OK"
2025-01-30 09:05:28,902 - INFO - HTTP Request: GET https://api.x.com/1.1/account/settings.json "HTTP/1.1 200 OK"
2025-01-30 09:05:29,102 - INFO - HTTP Request: GET https://x.com/i/api/graphql/NimuplG1OB7Fd2btCLdBOw/UserByScreenName?variables=%7B%22screen_name%22%3A+%22bruv911317%22%2C+%22withSafetyModeUserFields%22%3A+false%7D&features=%7B%22hidden_profile_likes_enabled%22%3A+true%2C+%22hidden_profile_subscriptions_enabled%22%3A+true%2C+%22responsive_web_graphql_exclude_directive_enabled%22%3A+true%2C+%22verified_phone_label_enabled%22%3A+false%2C+%22subscriptions_verification_info_is_identity_verified_enabled%22%3A+true%2C+%22subscriptions_verification_info_verified_since_enabled%22%3A+true%2C+%22highlights_tweets_tab_ui_enabled%22%3A+true%2C+%22responsive_web_twitter_article_notes_tab_enabled%22%3A+false%2C+%22creator_subscriptions_tweet_preview_api_enabled%22%3A+true%2C+%22responsive_web_graphql_skip_user_profile_image_extensions_enabled%22%3A+false%2C+%22responsive_web_graphql_timeline_navigation_enabled%22%3A+true%7D&fieldToggles=%7B%22withAuxiliaryUserLabels%22%3A+false%7D "HTTP/1.1 200 OK"
2025-01-30 09:05:29,346 - INFO - HTTP Request: GET https://x.com/i/api/graphql/tD8zKvQzwY3kdx5yz6YmOw/UserByRestId?variables=%7B%22userId%22%3A+%221884688222711877632%22%2C+%22withSafetyModeUserFields%22%3A+true%7D&features=%7B%22hidden_profile_likes_enabled%22%3A+true%2C+%22hidden_profile_subscriptions_enabled%22%3A+true%2C+%22responsive_web_graphql_exclude_directive_enabled%22%3A+true%2C+%22verified_phone_label_enabled%22%3A+false%2C+%22subscriptions_verification_info_is_identity_verified_enabled%22%3A+true%2C+%22subscriptions_verification_info_verified_since_enabled%22%3A+true%2C+%22highlights_tweets_tab_ui_enabled%22%3A+true%2C+%22responsive_web_twitter_article_notes_tab_enabled%22%3A+false%2C+%22creator_subscriptions_tweet_preview_api_enabled%22%3A+true%2C+%22responsive_web_graphql_skip_user_profile_image_extensions_enabled%22%3A+false%2C+%22responsive_web_graphql_timeline_navigation_enabled%22%3A+true%7D "HTTP/1.1 200 OK"
2025-01-30 09:05:29,349 - INFO - Loaded cookies successfully. Logged in as bruv (@bruv911317).
2025-01-30 09:05:29,349 - INFO - Starting search for thread emoji tweets...
2025-01-30 09:05:30,895 - INFO - HTTP Request: GET https://x.com/i/api/graphql/flaR-PUMshxFWZWPNpq4zA/SearchTimeline?variables=%7B%22rawQuery%22%3A+%22Suicide+Drive+Thru%22%2C+%22count%22%3A+20%2C+%22querySource%22%3A+%22typed_query%22%2C+%22product%22%3A+%22Top%22%7D&features=%7B%22creator_subscriptions_tweet_preview_api_enabled%22%3A+true%2C+%22c9s_tweet_anatomy_moderator_badge_enabled%22%3A+true%2C+%22tweetypie_unmention_optimization_enabled%22%3A+true%2C+%22responsive_web_edit_tweet_api_enabled%22%3A+true%2C+%22graphql_is_translatable_rweb_tweet_is_translatable_enabled%22%3A+true%2C+%22view_counts_everywhere_api_enabled%22%3A+true%2C+%22longform_notetweets_consumption_enabled%22%3A+true%2C+%22responsive_web_twitter_article_tweet_consumption_enabled%22%3A+true%2C+%22tweet_awards_web_tipping_enabled%22%3A+false%2C+%22longform_notetweets_rich_text_read_enabled%22%3A+true%2C+%22longform_notetweets_inline_media_enabled%22%3A+true%2C+%22rweb_video_timestamps_enabled%22%3A+true%2C+%22responsive_web_graphql_exclude_directive_enabled%22%3A+true%2C+%22verified_phone_label_enabled%22%3A+false%2C+%22freedom_of_speech_not_reach_fetch_enabled%22%3A+true%2C+%22standardized_nudges_misinfo%22%3A+true%2C+%22tweet_with_visibility_results_prefer_gql_limited_actions_policy_enabled%22%3A+true%2C+%22responsive_web_media_download_video_enabled%22%3A+false%2C+%22responsive_web_graphql_skip_user_profile_image_extensions_enabled%22%3A+false%2C+%22responsive_web_graphql_timeline_navigation_enabled%22%3A+true%2C+%22responsive_web_enhance_cards_enabled%22%3A+false%7D "HTTP/1.1 200 OK"
2025-01-30 09:05:30,988 - INFO - 🔍 Found 19 potential tweets
2025-01-30 09:05:30,988 - INFO - No threads found. Displaying top 3 tweets.
2025-01-30 09:05:30,988 - INFO - Top Tweet #1 - ID: 1824089978168590534, User: News 5 Cleveland, Content: Taco Bell in Stow along Graham Road is CLOSED following a murder-suicide in the drive-thru lane last night. #TacoBell #Stow #News5 https://t.co/hYu5tx2zNf
2025-01-30 09:05:30,988 - INFO - Top Tweet #2 - ID: 1879244576344666496, User: Poe's Law, Esq: Poe's Lawyer, Content: OK, so this guy killed himself the next day 

Apparently, it was a place called Bikini Barista, like Starbucks if it was a Hooters.

They get guys exposing themselves semi often, but this guy was a repeat offender so that’s why she was recording https://t.co/Cy47Z6miCg
2025-01-30 09:05:30,988 - INFO - Top Tweet #3 - ID: 1880745847299940829, User: Dom Lucre | Breaker of Narratives, Content: 🔥🚨DEVELOPING: Another man was caught without pants at a drive thru. Just a few days ago an Arizona man who was caught at a drive thru without pants committed suicide shortly after the video went viral. X users are calling this a ‘goondemic.’ https://t.co/SO73FXnqz3
2025-01-30 09:08:06,073 - INFO - HTTP Request: GET https://x.com "HTTP/1.1 200 OK"
2025-01-30 09:08:06,792 - INFO - HTTP Request: GET https://abs.twimg.com/responsive-web/client-web/ondemand.s.731981da.js "HTTP/1.1 200 OK"
2025-01-30 09:08:07,296 - INFO - HTTP Request: GET https://api.x.com/1.1/account/settings.json "HTTP/1.1 200 OK"
2025-01-30 09:08:07,674 - INFO - HTTP Request: GET https://x.com/i/api/graphql/NimuplG1OB7Fd2btCLdBOw/UserByScreenName?variables=%7B%22screen_name%22%3A+%22bruv911317%22%2C+%22withSafetyModeUserFields%22%3A+false%7D&features=%7B%22hidden_profile_likes_enabled%22%3A+true%2C+%22hidden_profile_subscriptions_enabled%22%3A+true%2C+%22responsive_web_graphql_exclude_directive_enabled%22%3A+true%2C+%22verified_phone_label_enabled%22%3A+false%2C+%22subscriptions_verification_info_is_identity_verified_enabled%22%3A+true%2C+%22subscriptions_verification_info_verified_since_enabled%22%3A+true%2C+%22highlights_tweets_tab_ui_enabled%22%3A+true%2C+%22responsive_web_twitter_article_notes_tab_enabled%22%3A+false%2C+%22creator_subscriptions_tweet_preview_api_enabled%22%3A+true%2C+%22responsive_web_graphql_skip_user_profile_image_extensions_enabled%22%3A+false%2C+%22responsive_web_graphql_timeline_navigation_enabled%22%3A+true%7D&fieldToggles=%7B%22withAuxiliaryUserLabels%22%3A+false%7D "HTTP/1.1 200 OK"
2025-01-30 09:08:07,927 - INFO - HTTP Request: GET https://x.com/i/api/graphql/tD8zKvQzwY3kdx5yz6YmOw/UserByRestId?variables=%7B%22userId%22%3A+%221884688222711877632%22%2C+%22withSafetyModeUserFields%22%3A+true%7D&features=%7B%22hidden_profile_likes_enabled%22%3A+true%2C+%22hidden_profile_subscriptions_enabled%22%3A+true%2C+%22responsive_web_graphql_exclude_directive_enabled%22%3A+true%2C+%22verified_phone_label_enabled%22%3A+false%2C+%22subscriptions_verification_info_is_identity_verified_enabled%22%3A+true%2C+%22subscriptions_verification_info_verified_since_enabled%22%3A+true%2C+%22highlights_tweets_tab_ui_enabled%22%3A+true%2C+%22responsive_web_twitter_article_notes_tab_enabled%22%3A+false%2C+%22creator_subscriptions_tweet_preview_api_enabled%22%3A+true%2C+%22responsive_web_graphql_skip_user_profile_image_extensions_enabled%22%3A+false%2C+%22responsive_web_graphql_timeline_navigation_enabled%22%3A+true%7D "HTTP/1.1 200 OK"
2025-01-30 09:08:07,930 - INFO - Loaded cookies successfully. Logged in as bruv (@bruv911317).
2025-01-30 09:08:07,930 - INFO - Starting search for thread emoji tweets...
2025-01-30 09:08:09,437 - INFO - HTTP Request: GET https://x.com/i/api/graphql/flaR-PUMshxFWZWPNpq4zA/SearchTimeline?variables=%7B%22rawQuery%22%3A+%22Suicide+Drive+Thru%22%2C+%22count%22%3A+20%2C+%22querySource%22%3A+%22typed_query%22%2C+%22product%22%3A+%22Top%22%7D&features=%7B%22creator_subscriptions_tweet_preview_api_enabled%22%3A+true%2C+%22c9s_tweet_anatomy_moderator_badge_enabled%22%3A+true%2C+%22tweetypie_unmention_optimization_enabled%22%3A+true%2C+%22responsive_web_edit_tweet_api_enabled%22%3A+true%2C+%22graphql_is_translatable_rweb_tweet_is_translatable_enabled%22%3A+true%2C+%22view_counts_everywhere_api_enabled%22%3A+true%2C+%22longform_notetweets_consumption_enabled%22%3A+true%2C+%22responsive_web_twitter_article_tweet_consumption_enabled%22%3A+true%2C+%22tweet_awards_web_tipping_enabled%22%3A+false%2C+%22longform_notetweets_rich_text_read_enabled%22%3A+true%2C+%22longform_notetweets_inline_media_enabled%22%3A+true%2C+%22rweb_video_timestamps_enabled%22%3A+true%2C+%22responsive_web_graphql_exclude_directive_enabled%22%3A+true%2C+%22verified_phone_label_enabled%22%3A+false%2C+%22freedom_of_speech_not_reach_fetch_enabled%22%3A+true%2C+%22standardized_nudges_misinfo%22%3A+true%2C+%22tweet_with_visibility_results_prefer_gql_limited_actions_policy_enabled%22%3A+true%2C+%22responsive_web_media_download_video_enabled%22%3A+false%2C+%22responsive_web_graphql_skip_user_profile_image_extensions_enabled%22%3A+false%2C+%22responsive_web_graphql_timeline_navigation_enabled%22%3A+true%2C+%22responsive_web_enhance_cards_enabled%22%3A+false%7D "HTTP/1.1 200 OK"
2025-01-30 09:08:09,503 - INFO - 🔍 Found 19 potential tweets
2025-01-30 09:08:09,503 - INFO - No threads found. Displaying top 3 tweets.
2025-01-30 09:08:09,503 - INFO - Top Tweet #1 - ID: 1824089978168590534, User: News 5 Cleveland, Content: Taco Bell in Stow along Graham Road is CLOSED following a murder-suicide in the drive-thru lane last night. #TacoBell #Stow #News5 https://t.co/hYu5tx2zNf
2025-01-30 09:08:09,503 - INFO - Top Tweet #2 - ID: 1879244576344666496, User: Poe's Law, Esq: Poe's Lawyer, Content: OK, so this guy killed himself the next day 

Apparently, it was a place called Bikini Barista, like Starbucks if it was a Hooters.

They get guys exposing themselves semi often, but this guy was a repeat offender so that’s why she was recording https://t.co/Cy47Z6miCg
2025-01-30 09:08:09,503 - INFO - Top Tweet #3 - ID: 1880745847299940829, User: Dom Lucre | Breaker of Narratives, Content: 🔥🚨DEVELOPING: Another man was caught without pants at a drive thru. Just a few days ago an Arizona man who was caught at a drive thru without pants committed suicide shortly after the video went viral. X users are calling this a ‘goondemic.’ https://t.co/SO73FXnqz3
2025-01-30 09:09:03,089 - INFO - HTTP Request: GET https://x.com "HTTP/1.1 200 OK"
2025-01-30 09:09:03,652 - INFO - HTTP Request: GET https://abs.twimg.com/responsive-web/client-web/ondemand.s.731981da.js "HTTP/1.1 200 OK"
2025-01-30 09:09:04,042 - INFO - HTTP Request: GET https://api.x.com/1.1/account/settings.json "HTTP/1.1 200 OK"
2025-01-30 09:09:04,226 - INFO - HTTP Request: GET https://x.com/i/api/graphql/NimuplG1OB7Fd2btCLdBOw/UserByScreenName?variables=%7B%22screen_name%22%3A+%22bruv911317%22%2C+%22withSafetyModeUserFields%22%3A+false%7D&features=%7B%22hidden_profile_likes_enabled%22%3A+true%2C+%22hidden_profile_subscriptions_enabled%22%3A+true%2C+%22responsive_web_graphql_exclude_directive_enabled%22%3A+true%2C+%22verified_phone_label_enabled%22%3A+false%2C+%22subscriptions_verification_info_is_identity_verified_enabled%22%3A+true%2C+%22subscriptions_verification_info_verified_since_enabled%22%3A+true%2C+%22highlights_tweets_tab_ui_enabled%22%3A+true%2C+%22responsive_web_twitter_article_notes_tab_enabled%22%3A+false%2C+%22creator_subscriptions_tweet_preview_api_enabled%22%3A+true%2C+%22responsive_web_graphql_skip_user_profile_image_extensions_enabled%22%3A+false%2C+%22responsive_web_graphql_timeline_navigation_enabled%22%3A+true%7D&fieldToggles=%7B%22withAuxiliaryUserLabels%22%3A+false%7D "HTTP/1.1 200 OK"
2025-01-30 09:09:04,559 - INFO - HTTP Request: GET https://x.com/i/api/graphql/tD8zKvQzwY3kdx5yz6YmOw/UserByRestId?variables=%7B%22userId%22%3A+%221884688222711877632%22%2C+%22withSafetyModeUserFields%22%3A+true%7D&features=%7B%22hidden_profile_likes_enabled%22%3A+true%2C+%22hidden_profile_subscriptions_enabled%22%3A+true%2C+%22responsive_web_graphql_exclude_directive_enabled%22%3A+true%2C+%22verified_phone_label_enabled%22%3A+false%2C+%22subscriptions_verification_info_is_identity_verified_enabled%22%3A+true%2C+%22subscriptions_verification_info_verified_since_enabled%22%3A+true%2C+%22highlights_tweets_tab_ui_enabled%22%3A+true%2C+%22responsive_web_twitter_article_notes_tab_enabled%22%3A+false%2C+%22creator_subscriptions_tweet_preview_api_enabled%22%3A+true%2C+%22responsive_web_graphql_skip_user_profile_image_extensions_enabled%22%3A+false%2C+%22responsive_web_graphql_timeline_navigation_enabled%22%3A+true%7D "HTTP/1.1 200 OK"
2025-01-30 09:09:04,559 - INFO - Loaded cookies successfully. Logged in as bruv (@bruv911317).
2025-01-30 09:09:04,559 - INFO - Starting search for thread emoji tweets...
2025-01-30 09:09:06,065 - INFO - HTTP Request: GET https://x.com/i/api/graphql/flaR-PUMshxFWZWPNpq4zA/SearchTimeline?variables=%7B%22rawQuery%22%3A+%22Suicide+Drive+Thru%22%2C+%22count%22%3A+20%2C+%22querySource%22%3A+%22typed_query%22%2C+%22product%22%3A+%22Top%22%7D&features=%7B%22creator_subscriptions_tweet_preview_api_enabled%22%3A+true%2C+%22c9s_tweet_anatomy_moderator_badge_enabled%22%3A+true%2C+%22tweetypie_unmention_optimization_enabled%22%3A+true%2C+%22responsive_web_edit_tweet_api_enabled%22%3A+true%2C+%22graphql_is_translatable_rweb_tweet_is_translatable_enabled%22%3A+true%2C+%22view_counts_everywhere_api_enabled%22%3A+true%2C+%22longform_notetweets_consumption_enabled%22%3A+true%2C+%22responsive_web_twitter_article_tweet_consumption_enabled%22%3A+true%2C+%22tweet_awards_web_tipping_enabled%22%3A+false%2C+%22longform_notetweets_rich_text_read_enabled%22%3A+true%2C+%22longform_notetweets_inline_media_enabled%22%3A+true%2C+%22rweb_video_timestamps_enabled%22%3A+true%2C+%22responsive_web_graphql_exclude_directive_enabled%22%3A+true%2C+%22verified_phone_label_enabled%22%3A+false%2C+%22freedom_of_speech_not_reach_fetch_enabled%22%3A+true%2C+%22standardized_nudges_misinfo%22%3A+true%2C+%22tweet_with_visibility_results_prefer_gql_limited_actions_policy_enabled%22%3A+true%2C+%22responsive_web_media_download_video_enabled%22%3A+false%2C+%22responsive_web_graphql_skip_user_profile_image_extensions_enabled%22%3A+false%2C+%22responsive_web_graphql_timeline_navigation_enabled%22%3A+true%2C+%22responsive_web_enhance_cards_enabled%22%3A+false%7D "HTTP/1.1 200 OK"
2025-01-30 09:09:06,072 - INFO - 🔍 Found 19 potential tweets
2025-01-30 09:09:06,072 - INFO - No threads found. Displaying top 3 tweets.
2025-01-30 09:09:06,072 - INFO - Top Tweet #1 - ID: 1880053477474443773, User: Lu, Content: Me on the suicide hotline with that freaky drive thru nigga https://t.co/I7cy8QVuIX
2025-01-30 09:09:06,073 - INFO - Top Tweet #2 - ID: 1824089978168590534, User: News 5 Cleveland, Content: Taco Bell in Stow along Graham Road is CLOSED following a murder-suicide in the drive-thru lane last night. #TacoBell #Stow #News5 https://t.co/hYu5tx2zNf
2025-01-30 09:09:06,073 - INFO - Top Tweet #3 - ID: 1884089314482741685, User: Ulfy🇩🇰🇸🇪🇸🇯, Content: "If you're feeling suicidal, be sure to shoot yourself in the middle of a crowded train station so as to inconvenience and traumatize the maximum amount of people possible." https://t.co/naHQBJ1Crt
2025-01-30 09:09:29,845 - INFO - HTTP Request: GET https://x.com "HTTP/1.1 200 OK"
2025-01-30 09:09:31,732 - INFO - HTTP Request: GET https://abs.twimg.com/responsive-web/client-web/ondemand.s.731981da.js "HTTP/1.1 200 OK"
2025-01-30 09:09:32,176 - INFO - HTTP Request: GET https://api.x.com/1.1/account/settings.json "HTTP/1.1 200 OK"
2025-01-30 09:09:32,447 - INFO - HTTP Request: GET https://x.com/i/api/graphql/NimuplG1OB7Fd2btCLdBOw/UserByScreenName?variables=%7B%22screen_name%22%3A+%22bruv911317%22%2C+%22withSafetyModeUserFields%22%3A+false%7D&features=%7B%22hidden_profile_likes_enabled%22%3A+true%2C+%22hidden_profile_subscriptions_enabled%22%3A+true%2C+%22responsive_web_graphql_exclude_directive_enabled%22%3A+true%2C+%22verified_phone_label_enabled%22%3A+false%2C+%22subscriptions_verification_info_is_identity_verified_enabled%22%3A+true%2C+%22subscriptions_verification_info_verified_since_enabled%22%3A+true%2C+%22highlights_tweets_tab_ui_enabled%22%3A+true%2C+%22responsive_web_twitter_article_notes_tab_enabled%22%3A+false%2C+%22creator_subscriptions_tweet_preview_api_enabled%22%3A+true%2C+%22responsive_web_graphql_skip_user_profile_image_extensions_enabled%22%3A+false%2C+%22responsive_web_graphql_timeline_navigation_enabled%22%3A+true%7D&fieldToggles=%7B%22withAuxiliaryUserLabels%22%3A+false%7D "HTTP/1.1 200 OK"
2025-01-30 09:09:32,883 - INFO - HTTP Request: GET https://x.com/i/api/graphql/tD8zKvQzwY3kdx5yz6YmOw/UserByRestId?variables=%7B%22userId%22%3A+%221884688222711877632%22%2C+%22withSafetyModeUserFields%22%3A+true%7D&features=%7B%22hidden_profile_likes_enabled%22%3A+true%2C+%22hidden_profile_subscriptions_enabled%22%3A+true%2C+%22responsive_web_graphql_exclude_directive_enabled%22%3A+true%2C+%22verified_phone_label_enabled%22%3A+false%2C+%22subscriptions_verification_info_is_identity_verified_enabled%22%3A+true%2C+%22subscriptions_verification_info_verified_since_enabled%22%3A+true%2C+%22highlights_tweets_tab_ui_enabled%22%3A+true%2C+%22responsive_web_twitter_article_notes_tab_enabled%22%3A+false%2C+%22creator_subscriptions_tweet_preview_api_enabled%22%3A+true%2C+%22responsive_web_graphql_skip_user_profile_image_extensions_enabled%22%3A+false%2C+%22responsive_web_graphql_timeline_navigation_enabled%22%3A+true%7D "HTTP/1.1 200 OK"
2025-01-30 09:09:32,884 - INFO - Loaded cookies successfully. Logged in as bruv (@bruv911317).
2025-01-30 09:09:32,885 - INFO - Starting search for thread emoji tweets...
2025-01-30 09:09:39,382 - INFO - HTTP Request: GET https://x.com/i/api/graphql/flaR-PUMshxFWZWPNpq4zA/SearchTimeline?variables=%7B%22rawQuery%22%3A+%22Suicide+Drive+Thru%22%2C+%22count%22%3A+20%2C+%22querySource%22%3A+%22typed_query%22%2C+%22product%22%3A+%22Top%22%7D&features=%7B%22creator_subscriptions_tweet_preview_api_enabled%22%3A+true%2C+%22c9s_tweet_anatomy_moderator_badge_enabled%22%3A+true%2C+%22tweetypie_unmention_optimization_enabled%22%3A+true%2C+%22responsive_web_edit_tweet_api_enabled%22%3A+true%2C+%22graphql_is_translatable_rweb_tweet_is_translatable_enabled%22%3A+true%2C+%22view_counts_everywhere_api_enabled%22%3A+true%2C+%22longform_notetweets_consumption_enabled%22%3A+true%2C+%22responsive_web_twitter_article_tweet_consumption_enabled%22%3A+true%2C+%22tweet_awards_web_tipping_enabled%22%3A+false%2C+%22longform_notetweets_rich_text_read_enabled%22%3A+true%2C+%22longform_notetweets_inline_media_enabled%22%3A+true%2C+%22rweb_video_timestamps_enabled%22%3A+true%2C+%22responsive_web_graphql_exclude_directive_enabled%22%3A+true%2C+%22verified_phone_label_enabled%22%3A+false%2C+%22freedom_of_speech_not_reach_fetch_enabled%22%3A+true%2C+%22standardized_nudges_misinfo%22%3A+true%2C+%22tweet_with_visibility_results_prefer_gql_limited_actions_policy_enabled%22%3A+true%2C+%22responsive_web_media_download_video_enabled%22%3A+false%2C+%22responsive_web_graphql_skip_user_profile_image_extensions_enabled%22%3A+false%2C+%22responsive_web_graphql_timeline_navigation_enabled%22%3A+true%2C+%22responsive_web_enhance_cards_enabled%22%3A+false%7D "HTTP/1.1 200 OK"
2025-01-30 09:09:39,501 - INFO - 🔍 Found 19 potential tweets
2025-01-30 09:09:39,502 - INFO - No threads found. Displaying top 3 tweets.
2025-01-30 09:09:39,502 - INFO - Top Tweet #1 - ID: 1824089978168590534, User: News 5 Cleveland, Content: Taco Bell in Stow along Graham Road is CLOSED following a murder-suicide in the drive-thru lane last night. #TacoBell #Stow #News5 https://t.co/hYu5tx2zNf
2025-01-30 09:09:39,502 - INFO - Top Tweet #2 - ID: 1880745847299940829, User: Dom Lucre | Breaker of Narratives, Content: 🔥🚨DEVELOPING: Another man was caught without pants at a drive thru. Just a few days ago an Arizona man who was caught at a drive thru without pants committed suicide shortly after the video went viral. X users are calling this a ‘goondemic.’ https://t.co/SO73FXnqz3
2025-01-30 09:09:39,502 - INFO - Top Tweet #3 - ID: 1878966591540629521, User: Rain Drops Media, Content: Guy allegedly took his own life  today after a video of him  doing a drive through with out pants was posted 😳 🕊️ 🙏🏽 https://t.co/Ys69LZkhFq
2025-01-30 09:10:25,074 - INFO - HTTP Request: GET https://x.com "HTTP/1.1 200 OK"
2025-01-30 09:10:27,198 - INFO - HTTP Request: GET https://abs.twimg.com/responsive-web/client-web/ondemand.s.731981da.js "HTTP/1.1 200 OK"
2025-01-30 09:10:28,007 - INFO - HTTP Request: GET https://api.x.com/1.1/account/settings.json "HTTP/1.1 404 Not Found"
2025-01-30 09:10:28,010 - WARNING - Failed to load or validate cookies from cookies.json: status: 404, message: "{"errors":[{"message":"Sorry, that page does not exist","code":34}]}"
2025-01-30 09:10:28,011 - INFO - Login attempt 1...
2025-01-30 09:10:28,144 - INFO - HTTP Request: POST https://api.x.com/1.1/guest/activate.json "HTTP/1.1 200 OK"
2025-01-30 09:10:28,459 - INFO - HTTP Request: POST https://api.x.com/1.1/onboarding/task.json?flow_name=login "HTTP/1.1 200 OK"
2025-01-30 09:10:28,721 - INFO - HTTP Request: POST https://api.x.com/1.1/onboarding/sso_init.json "HTTP/1.1 200 OK"
2025-01-30 09:10:29,082 - INFO - HTTP Request: GET https://twitter.com/i/js_inst?c_name=ui_metrics "HTTP/1.1 200 OK"
2025-01-30 09:10:29,580 - INFO - HTTP Request: POST https://api.x.com/1.1/onboarding/task.json "HTTP/1.1 200 OK"
2025-01-30 09:10:30,389 - INFO - HTTP Request: POST https://api.x.com/1.1/onboarding/task.json "HTTP/1.1 200 OK"
2025-01-30 09:10:30,390 - ERROR - Login attempt 1 failed: We hebben een inlogpoging bij je account geblokkeerd omdat we niet zeker wisten of jij het wel was.

Dit gebeurt wanneer we ongebruikelijke inlogactiviteit opmerken. Denk aan een poging om te veel keer in te loggen, of vanaf een andere locatie of ander apparaat.

Je moet wachten voordat je opnieuw kan inloggen. Sommige blokkades worden automatisch opgeheven.

Hier vind je hulp als je problemen met inloggen hebt.
2025-01-30 09:10:32,391 - INFO - Login attempt 2...
2025-01-30 09:10:33,243 - INFO - HTTP Request: POST https://api.x.com/1.1/guest/activate.json "HTTP/1.1 200 OK"
2025-01-30 09:10:33,464 - INFO - HTTP Request: POST https://api.x.com/1.1/onboarding/task.json?flow_name=login "HTTP/1.1 200 OK"
2025-01-30 09:10:33,851 - INFO - HTTP Request: POST https://api.x.com/1.1/onboarding/sso_init.json "HTTP/1.1 200 OK"
2025-01-30 09:10:34,104 - INFO - HTTP Request: GET https://twitter.com/i/js_inst?c_name=ui_metrics "HTTP/1.1 200 OK"
2025-01-30 09:10:34,424 - INFO - HTTP Request: POST https://api.x.com/1.1/onboarding/task.json "HTTP/1.1 200 OK"
2025-01-30 09:10:34,787 - INFO - HTTP Request: POST https://api.x.com/1.1/onboarding/task.json "HTTP/1.1 200 OK"
2025-01-30 09:10:34,788 - ERROR - Login attempt 2 failed: We hebben een inlogpoging bij je account geblokkeerd omdat we niet zeker wisten of jij het wel was.

Dit gebeurt wanneer we ongebruikelijke inlogactiviteit opmerken. Denk aan een poging om te veel keer in te loggen, of vanaf een andere locatie of ander apparaat.

Je moet wachten voordat je opnieuw kan inloggen. Sommige blokkades worden automatisch opgeheven.

Hier vind je hulp als je problemen met inloggen hebt.
2025-01-30 09:10:38,791 - INFO - Login attempt 3...
2025-01-30 09:10:39,753 - INFO - HTTP Request: POST https://api.x.com/1.1/guest/activate.json "HTTP/1.1 200 OK"
2025-01-30 09:10:40,711 - INFO - HTTP Request: POST https://api.x.com/1.1/onboarding/task.json?flow_name=login "HTTP/1.1 200 OK"
2025-01-30 09:10:41,019 - INFO - HTTP Request: POST https://api.x.com/1.1/onboarding/sso_init.json "HTTP/1.1 200 OK"
2025-01-30 09:10:41,292 - INFO - HTTP Request: GET https://twitter.com/i/js_inst?c_name=ui_metrics "HTTP/1.1 200 OK"
2025-01-30 09:10:41,525 - INFO - HTTP Request: POST https://api.x.com/1.1/onboarding/task.json "HTTP/1.1 200 OK"
2025-01-30 09:10:42,000 - INFO - HTTP Request: POST https://api.x.com/1.1/onboarding/task.json "HTTP/1.1 200 OK"
2025-01-30 09:10:42,002 - ERROR - Login attempt 3 failed: We hebben een inlogpoging bij je account geblokkeerd omdat we niet zeker wisten of jij het wel was.

Dit gebeurt wanneer we ongebruikelijke inlogactiviteit opmerken. Denk aan een poging om te veel keer in te loggen, of vanaf een andere locatie of ander apparaat.

Je moet wachten voordat je opnieuw kan inloggen. Sommige blokkades worden automatisch opgeheven.

Hier vind je hulp als je problemen met inloggen hebt.
2025-01-30 09:10:42,002 - CRITICAL - Failed to log in after multiple attempts.
2025-01-30 09:11:15,182 - INFO - HTTP Request: GET https://x.com "HTTP/1.1 200 OK"
2025-01-30 09:11:15,886 - INFO - HTTP Request: GET https://abs.twimg.com/responsive-web/client-web/ondemand.s.731981da.js "HTTP/1.1 200 OK"
2025-01-30 09:11:16,526 - INFO - HTTP Request: GET https://api.x.com/1.1/account/settings.json "HTTP/1.1 200 OK"
2025-01-30 09:11:16,800 - INFO - HTTP Request: GET https://x.com/i/api/graphql/NimuplG1OB7Fd2btCLdBOw/UserByScreenName?variables=%7B%22screen_name%22%3A+%22bruv911317%22%2C+%22withSafetyModeUserFields%22%3A+false%7D&features=%7B%22hidden_profile_likes_enabled%22%3A+true%2C+%22hidden_profile_subscriptions_enabled%22%3A+true%2C+%22responsive_web_graphql_exclude_directive_enabled%22%3A+true%2C+%22verified_phone_label_enabled%22%3A+false%2C+%22subscriptions_verification_info_is_identity_verified_enabled%22%3A+true%2C+%22subscriptions_verification_info_verified_since_enabled%22%3A+true%2C+%22highlights_tweets_tab_ui_enabled%22%3A+true%2C+%22responsive_web_twitter_article_notes_tab_enabled%22%3A+false%2C+%22creator_subscriptions_tweet_preview_api_enabled%22%3A+true%2C+%22responsive_web_graphql_skip_user_profile_image_extensions_enabled%22%3A+false%2C+%22responsive_web_graphql_timeline_navigation_enabled%22%3A+true%7D&fieldToggles=%7B%22withAuxiliaryUserLabels%22%3A+false%7D "HTTP/1.1 200 OK"
2025-01-30 09:11:17,138 - INFO - HTTP Request: GET https://x.com/i/api/graphql/tD8zKvQzwY3kdx5yz6YmOw/UserByRestId?variables=%7B%22userId%22%3A+%221884688222711877632%22%2C+%22withSafetyModeUserFields%22%3A+true%7D&features=%7B%22hidden_profile_likes_enabled%22%3A+true%2C+%22hidden_profile_subscriptions_enabled%22%3A+true%2C+%22responsive_web_graphql_exclude_directive_enabled%22%3A+true%2C+%22verified_phone_label_enabled%22%3A+false%2C+%22subscriptions_verification_info_is_identity_verified_enabled%22%3A+true%2C+%22subscriptions_verification_info_verified_since_enabled%22%3A+true%2C+%22highlights_tweets_tab_ui_enabled%22%3A+true%2C+%22responsive_web_twitter_article_notes_tab_enabled%22%3A+false%2C+%22creator_subscriptions_tweet_preview_api_enabled%22%3A+true%2C+%22responsive_web_graphql_skip_user_profile_image_extensions_enabled%22%3A+false%2C+%22responsive_web_graphql_timeline_navigation_enabled%22%3A+true%7D "HTTP/1.1 200 OK"
2025-01-30 09:11:17,138 - INFO - Loaded cookies successfully. Logged in as bruv (@bruv911317).
2025-01-30 09:11:17,138 - INFO - Starting search for thread emoji tweets...
2025-01-30 09:11:17,621 - INFO - HTTP Request: GET https://x.com/i/api/graphql/flaR-PUMshxFWZWPNpq4zA/SearchTimeline?variables=%7B%22rawQuery%22%3A+%22Suicide+Drive+Thru%22%2C+%22count%22%3A+20%2C+%22querySource%22%3A+%22typed_query%22%2C+%22product%22%3A+%22Latest%22%7D&features=%7B%22creator_subscriptions_tweet_preview_api_enabled%22%3A+true%2C+%22c9s_tweet_anatomy_moderator_badge_enabled%22%3A+true%2C+%22tweetypie_unmention_optimization_enabled%22%3A+true%2C+%22responsive_web_edit_tweet_api_enabled%22%3A+true%2C+%22graphql_is_translatable_rweb_tweet_is_translatable_enabled%22%3A+true%2C+%22view_counts_everywhere_api_enabled%22%3A+true%2C+%22longform_notetweets_consumption_enabled%22%3A+true%2C+%22responsive_web_twitter_article_tweet_consumption_enabled%22%3A+true%2C+%22tweet_awards_web_tipping_enabled%22%3A+false%2C+%22longform_notetweets_rich_text_read_enabled%22%3A+true%2C+%22longform_notetweets_inline_media_enabled%22%3A+true%2C+%22rweb_video_timestamps_enabled%22%3A+true%2C+%22responsive_web_graphql_exclude_directive_enabled%22%3A+true%2C+%22verified_phone_label_enabled%22%3A+false%2C+%22freedom_of_speech_not_reach_fetch_enabled%22%3A+true%2C+%22standardized_nudges_misinfo%22%3A+true%2C+%22tweet_with_visibility_results_prefer_gql_limited_actions_policy_enabled%22%3A+true%2C+%22responsive_web_media_download_video_enabled%22%3A+false%2C+%22responsive_web_graphql_skip_user_profile_image_extensions_enabled%22%3A+false%2C+%22responsive_web_graphql_timeline_navigation_enabled%22%3A+true%2C+%22responsive_web_enhance_cards_enabled%22%3A+false%7D "HTTP/1.1 200 OK"
2025-01-30 09:11:17,627 - INFO - 🔍 Found 17 potential tweets
2025-01-30 09:11:17,627 - INFO - No threads found. Displaying top 3 tweets.
2025-01-30 09:11:17,627 - INFO - Top Tweet #1 - ID: 1884854838615224375, User: Lindsay, Content: @NoCapMediaa Bad choice to flash your man parts at a drive thru.  Worse choice to commit suicide.  Very tragic.
No sin unforgivable;  there is always hope when you repent and trust Jesus.
2025-01-30 09:11:17,627 - INFO - Top Tweet #2 - ID: 1884835144089182264, User: TinaSnow2🎀, Content: @queersocialism Yelling and harassing workers while your pants are off in the middle of the fucking day in a fucking drive thru for a man who committed suicide because he got caught AGAIN harassing women in the same drive thru is definitely a choice..
2025-01-30 09:11:17,627 - INFO - Top Tweet #3 - ID: 1884667942870077848, User: This Nigga Eating Senzu Beans🫘 🇯🇲🫀🌅, Content: @mmkieme @Renegade1k He went on his Facebook and saved childhood photos of a Man that committed suicide after driving up to a drive thru hf naked he calls young photos of “ goon lord “ treasure he can use for clout while literally sharing photos of a minor .
2025-01-30 09:11:34,333 - INFO - HTTP Request: GET https://x.com "HTTP/1.1 200 OK"
2025-01-30 09:11:34,835 - INFO - HTTP Request: GET https://abs.twimg.com/responsive-web/client-web/ondemand.s.731981da.js "HTTP/1.1 200 OK"
2025-01-30 09:11:35,186 - INFO - HTTP Request: GET https://api.x.com/1.1/account/settings.json "HTTP/1.1 404 Not Found"
2025-01-30 09:11:35,187 - WARNING - Failed to load or validate cookies from cookies.json: status: 404, message: "{"errors":[{"message":"Sorry, that page does not exist","code":34}]}"
2025-01-30 09:11:35,187 - INFO - Login attempt 1...
2025-01-30 09:11:35,341 - INFO - HTTP Request: POST https://api.x.com/1.1/guest/activate.json "HTTP/1.1 200 OK"
2025-01-30 09:11:35,571 - INFO - HTTP Request: POST https://api.x.com/1.1/onboarding/task.json?flow_name=login "HTTP/1.1 200 OK"
2025-01-30 09:11:35,717 - INFO - HTTP Request: POST https://api.x.com/1.1/onboarding/sso_init.json "HTTP/1.1 200 OK"
2025-01-30 09:11:36,082 - INFO - HTTP Request: GET https://twitter.com/i/js_inst?c_name=ui_metrics "HTTP/1.1 200 OK"
2025-01-30 09:11:36,894 - INFO - HTTP Request: POST https://api.x.com/1.1/onboarding/task.json "HTTP/1.1 200 OK"
2025-01-30 09:11:37,935 - INFO - HTTP Request: POST https://api.x.com/1.1/onboarding/task.json "HTTP/1.1 200 OK"
2025-01-30 09:11:37,937 - ERROR - Login attempt 1 failed: We hebben een inlogpoging bij je account geblokkeerd omdat we niet zeker wisten of jij het wel was.

Dit gebeurt wanneer we ongebruikelijke inlogactiviteit opmerken. Denk aan een poging om te veel keer in te loggen, of vanaf een andere locatie of ander apparaat.

Je moet wachten voordat je opnieuw kan inloggen. Sommige blokkades worden automatisch opgeheven.

Hier vind je hulp als je problemen met inloggen hebt.
2025-01-30 09:12:06,958 - INFO - HTTP Request: GET https://x.com "HTTP/1.1 200 OK"
2025-01-30 09:12:07,846 - INFO - HTTP Request: GET https://abs.twimg.com/responsive-web/client-web/ondemand.s.731981da.js "HTTP/1.1 200 OK"
2025-01-30 09:12:08,335 - INFO - HTTP Request: GET https://api.x.com/1.1/account/settings.json "HTTP/1.1 200 OK"
2025-01-30 09:12:09,439 - INFO - HTTP Request: GET https://x.com/i/api/graphql/NimuplG1OB7Fd2btCLdBOw/UserByScreenName?variables=%7B%22screen_name%22%3A+%22bruv911317%22%2C+%22withSafetyModeUserFields%22%3A+false%7D&features=%7B%22hidden_profile_likes_enabled%22%3A+true%2C+%22hidden_profile_subscriptions_enabled%22%3A+true%2C+%22responsive_web_graphql_exclude_directive_enabled%22%3A+true%2C+%22verified_phone_label_enabled%22%3A+false%2C+%22subscriptions_verification_info_is_identity_verified_enabled%22%3A+true%2C+%22subscriptions_verification_info_verified_since_enabled%22%3A+true%2C+%22highlights_tweets_tab_ui_enabled%22%3A+true%2C+%22responsive_web_twitter_article_notes_tab_enabled%22%3A+false%2C+%22creator_subscriptions_tweet_preview_api_enabled%22%3A+true%2C+%22responsive_web_graphql_skip_user_profile_image_extensions_enabled%22%3A+false%2C+%22responsive_web_graphql_timeline_navigation_enabled%22%3A+true%7D&fieldToggles=%7B%22withAuxiliaryUserLabels%22%3A+false%7D "HTTP/1.1 200 OK"
2025-01-30 09:12:10,714 - INFO - HTTP Request: GET https://x.com/i/api/graphql/tD8zKvQzwY3kdx5yz6YmOw/UserByRestId?variables=%7B%22userId%22%3A+%221884688222711877632%22%2C+%22withSafetyModeUserFields%22%3A+true%7D&features=%7B%22hidden_profile_likes_enabled%22%3A+true%2C+%22hidden_profile_subscriptions_enabled%22%3A+true%2C+%22responsive_web_graphql_exclude_directive_enabled%22%3A+true%2C+%22verified_phone_label_enabled%22%3A+false%2C+%22subscriptions_verification_info_is_identity_verified_enabled%22%3A+true%2C+%22subscriptions_verification_info_verified_since_enabled%22%3A+true%2C+%22highlights_tweets_tab_ui_enabled%22%3A+true%2C+%22responsive_web_twitter_article_notes_tab_enabled%22%3A+false%2C+%22creator_subscriptions_tweet_preview_api_enabled%22%3A+true%2C+%22responsive_web_graphql_skip_user_profile_image_extensions_enabled%22%3A+false%2C+%22responsive_web_graphql_timeline_navigation_enabled%22%3A+true%7D "HTTP/1.1 200 OK"
2025-01-30 09:12:10,715 - INFO - Loaded cookies successfully. Logged in as bruv (@bruv911317).
2025-01-30 09:12:10,715 - INFO - Starting search for thread emoji tweets...
2025-01-30 09:12:15,485 - INFO - HTTP Request: GET https://x.com/i/api/graphql/flaR-PUMshxFWZWPNpq4zA/SearchTimeline?variables=%7B%22rawQuery%22%3A+%22Suicide+Drive+Thru%22%2C+%22count%22%3A+20%2C+%22querySource%22%3A+%22typed_query%22%2C+%22product%22%3A+%22Top%22%7D&features=%7B%22creator_subscriptions_tweet_preview_api_enabled%22%3A+true%2C+%22c9s_tweet_anatomy_moderator_badge_enabled%22%3A+true%2C+%22tweetypie_unmention_optimization_enabled%22%3A+true%2C+%22responsive_web_edit_tweet_api_enabled%22%3A+true%2C+%22graphql_is_translatable_rweb_tweet_is_translatable_enabled%22%3A+true%2C+%22view_counts_everywhere_api_enabled%22%3A+true%2C+%22longform_notetweets_consumption_enabled%22%3A+true%2C+%22responsive_web_twitter_article_tweet_consumption_enabled%22%3A+true%2C+%22tweet_awards_web_tipping_enabled%22%3A+false%2C+%22longform_notetweets_rich_text_read_enabled%22%3A+true%2C+%22longform_notetweets_inline_media_enabled%22%3A+true%2C+%22rweb_video_timestamps_enabled%22%3A+true%2C+%22responsive_web_graphql_exclude_directive_enabled%22%3A+true%2C+%22verified_phone_label_enabled%22%3A+false%2C+%22freedom_of_speech_not_reach_fetch_enabled%22%3A+true%2C+%22standardized_nudges_misinfo%22%3A+true%2C+%22tweet_with_visibility_results_prefer_gql_limited_actions_policy_enabled%22%3A+true%2C+%22responsive_web_media_download_video_enabled%22%3A+false%2C+%22responsive_web_graphql_skip_user_profile_image_extensions_enabled%22%3A+false%2C+%22responsive_web_graphql_timeline_navigation_enabled%22%3A+true%2C+%22responsive_web_enhance_cards_enabled%22%3A+false%7D "HTTP/1.1 200 OK"
2025-01-30 09:12:15,492 - INFO - 🔍 Found 19 potential tweets
2025-01-30 09:12:15,492 - INFO - No threads found. Displaying top 3 tweets.
2025-01-30 09:12:15,492 - INFO - Top Tweet #1 - ID: 1824089978168590534, User: News 5 Cleveland, Content: Taco Bell in Stow along Graham Road is CLOSED following a murder-suicide in the drive-thru lane last night. #TacoBell #Stow #News5 https://t.co/hYu5tx2zNf
2025-01-30 09:12:15,492 - INFO - Top Tweet #2 - ID: 1879244576344666496, User: Poe's Law, Esq: Poe's Lawyer, Content: OK, so this guy killed himself the next day 

Apparently, it was a place called Bikini Barista, like Starbucks if it was a Hooters.

They get guys exposing themselves semi often, but this guy was a repeat offender so that’s why she was recording https://t.co/Cy47Z6miCg
2025-01-30 09:12:15,492 - INFO - Top Tweet #3 - ID: 1880745847299940829, User: Dom Lucre | Breaker of Narratives, Content: 🔥🚨DEVELOPING: Another man was caught without pants at a drive thru. Just a few days ago an Arizona man who was caught at a drive thru without pants committed suicide shortly after the video went viral. X users are calling this a ‘goondemic.’ https://t.co/SO73FXnqz3
2025-01-30 09:12:24,735 - INFO - HTTP Request: GET https://x.com "HTTP/1.1 200 OK"
2025-01-30 09:12:25,567 - INFO - HTTP Request: GET https://abs.twimg.com/responsive-web/client-web/ondemand.s.731981da.js "HTTP/1.1 200 OK"
2025-01-30 09:12:26,132 - INFO - HTTP Request: GET https://api.x.com/1.1/account/settings.json "HTTP/1.1 200 OK"
2025-01-30 09:12:26,391 - INFO - HTTP Request: GET https://x.com/i/api/graphql/NimuplG1OB7Fd2btCLdBOw/UserByScreenName?variables=%7B%22screen_name%22%3A+%22bruv911317%22%2C+%22withSafetyModeUserFields%22%3A+false%7D&features=%7B%22hidden_profile_likes_enabled%22%3A+true%2C+%22hidden_profile_subscriptions_enabled%22%3A+true%2C+%22responsive_web_graphql_exclude_directive_enabled%22%3A+true%2C+%22verified_phone_label_enabled%22%3A+false%2C+%22subscriptions_verification_info_is_identity_verified_enabled%22%3A+true%2C+%22subscriptions_verification_info_verified_since_enabled%22%3A+true%2C+%22highlights_tweets_tab_ui_enabled%22%3A+true%2C+%22responsive_web_twitter_article_notes_tab_enabled%22%3A+false%2C+%22creator_subscriptions_tweet_preview_api_enabled%22%3A+true%2C+%22responsive_web_graphql_skip_user_profile_image_extensions_enabled%22%3A+false%2C+%22responsive_web_graphql_timeline_navigation_enabled%22%3A+true%7D&fieldToggles=%7B%22withAuxiliaryUserLabels%22%3A+false%7D "HTTP/1.1 200 OK"
2025-01-30 09:12:26,697 - INFO - HTTP Request: GET https://x.com/i/api/graphql/tD8zKvQzwY3kdx5yz6YmOw/UserByRestId?variables=%7B%22userId%22%3A+%221884688222711877632%22%2C+%22withSafetyModeUserFields%22%3A+true%7D&features=%7B%22hidden_profile_likes_enabled%22%3A+true%2C+%22hidden_profile_subscriptions_enabled%22%3A+true%2C+%22responsive_web_graphql_exclude_directive_enabled%22%3A+true%2C+%22verified_phone_label_enabled%22%3A+false%2C+%22subscriptions_verification_info_is_identity_verified_enabled%22%3A+true%2C+%22subscriptions_verification_info_verified_since_enabled%22%3A+true%2C+%22highlights_tweets_tab_ui_enabled%22%3A+true%2C+%22responsive_web_twitter_article_notes_tab_enabled%22%3A+false%2C+%22creator_subscriptions_tweet_preview_api_enabled%22%3A+true%2C+%22responsive_web_graphql_skip_user_profile_image_extensions_enabled%22%3A+false%2C+%22responsive_web_graphql_timeline_navigation_enabled%22%3A+true%7D "HTTP/1.1 200 OK"
2025-01-30 09:12:26,698 - INFO - Loaded cookies successfully. Logged in as bruv (@bruv911317).
2025-01-30 09:12:26,698 - INFO - Starting search for thread emoji tweets...
2025-01-30 09:12:28,034 - INFO - HTTP Request: GET https://x.com/i/api/graphql/flaR-PUMshxFWZWPNpq4zA/SearchTimeline?variables=%7B%22rawQuery%22%3A+%22Suicide+Drive+Thru%22%2C+%22count%22%3A+20%2C+%22querySource%22%3A+%22typed_query%22%2C+%22product%22%3A+%22Top%22%7D&features=%7B%22creator_subscriptions_tweet_preview_api_enabled%22%3A+true%2C+%22c9s_tweet_anatomy_moderator_badge_enabled%22%3A+true%2C+%22tweetypie_unmention_optimization_enabled%22%3A+true%2C+%22responsive_web_edit_tweet_api_enabled%22%3A+true%2C+%22graphql_is_translatable_rweb_tweet_is_translatable_enabled%22%3A+true%2C+%22view_counts_everywhere_api_enabled%22%3A+true%2C+%22longform_notetweets_consumption_enabled%22%3A+true%2C+%22responsive_web_twitter_article_tweet_consumption_enabled%22%3A+true%2C+%22tweet_awards_web_tipping_enabled%22%3A+false%2C+%22longform_notetweets_rich_text_read_enabled%22%3A+true%2C+%22longform_notetweets_inline_media_enabled%22%3A+true%2C+%22rweb_video_timestamps_enabled%22%3A+true%2C+%22responsive_web_graphql_exclude_directive_enabled%22%3A+true%2C+%22verified_phone_label_enabled%22%3A+false%2C+%22freedom_of_speech_not_reach_fetch_enabled%22%3A+true%2C+%22standardized_nudges_misinfo%22%3A+true%2C+%22tweet_with_visibility_results_prefer_gql_limited_actions_policy_enabled%22%3A+true%2C+%22responsive_web_media_download_video_enabled%22%3A+false%2C+%22responsive_web_graphql_skip_user_profile_image_extensions_enabled%22%3A+false%2C+%22responsive_web_graphql_timeline_navigation_enabled%22%3A+true%2C+%22responsive_web_enhance_cards_enabled%22%3A+false%7D "HTTP/1.1 200 OK"
2025-01-30 09:12:28,037 - INFO - 🔍 Found 19 potential tweets
2025-01-30 09:12:28,037 - INFO - No threads found. Displaying top 3 tweets.
2025-01-30 09:12:28,037 - INFO - Top Tweet #1 - ID: 1824089978168590534, User: News 5 Cleveland, Content: Taco Bell in Stow along Graham Road is CLOSED following a murder-suicide in the drive-thru lane last night. #TacoBell #Stow #News5 https://t.co/hYu5tx2zNf
2025-01-30 09:12:28,037 - INFO - Top Tweet #2 - ID: 1880745847299940829, User: Dom Lucre | Breaker of Narratives, Content: 🔥🚨DEVELOPING: Another man was caught without pants at a drive thru. Just a few days ago an Arizona man who was caught at a drive thru without pants committed suicide shortly after the video went viral. X users are calling this a ‘goondemic.’ https://t.co/SO73FXnqz3
2025-01-30 09:12:28,037 - INFO - Top Tweet #3 - ID: 1879244576344666496, User: Poe's Law, Esq: Poe's Lawyer, Content: OK, so this guy killed himself the next day 

Apparently, it was a place called Bikini Barista, like Starbucks if it was a Hooters.

They get guys exposing themselves semi often, but this guy was a repeat offender so that’s why she was recording https://t.co/Cy47Z6miCg
2025-01-30 09:12:44,952 - INFO - HTTP Request: GET https://x.com "HTTP/1.1 200 OK"
2025-01-30 09:12:57,871 - INFO - HTTP Request: GET https://abs.twimg.com/responsive-web/client-web/ondemand.s.731981da.js "HTTP/1.1 200 OK"
2025-01-30 09:12:59,032 - INFO - HTTP Request: GET https://api.x.com/1.1/account/settings.json "HTTP/1.1 404 Not Found"
2025-01-30 09:12:59,033 - WARNING - Failed to load cookies from cookies.json: status: 404, message: "{"errors":[{"message":"Sorry, that page does not exist","code":34}]}"
2025-01-30 09:12:59,034 - INFO - Attempting to log in...
2025-01-30 09:13:00,246 - INFO - HTTP Request: POST https://api.x.com/1.1/guest/activate.json "HTTP/1.1 200 OK"
2025-01-30 09:13:00,979 - INFO - HTTP Request: POST https://api.x.com/1.1/onboarding/task.json?flow_name=login "HTTP/1.1 200 OK"
2025-01-30 09:13:01,257 - INFO - HTTP Request: POST https://api.x.com/1.1/onboarding/sso_init.json "HTTP/1.1 200 OK"
2025-01-30 09:13:01,967 - INFO - HTTP Request: GET https://twitter.com/i/js_inst?c_name=ui_metrics "HTTP/1.1 200 OK"
2025-01-30 09:13:02,285 - INFO - HTTP Request: POST https://api.x.com/1.1/onboarding/task.json "HTTP/1.1 200 OK"
2025-01-30 09:13:02,722 - INFO - HTTP Request: POST https://api.x.com/1.1/onboarding/task.json "HTTP/1.1 200 OK"
2025-01-30 09:13:02,723 - CRITICAL - Critical error: We hebben een inlogpoging bij je account geblokkeerd omdat we niet zeker wisten of jij het wel was.

Dit gebeurt wanneer we ongebruikelijke inlogactiviteit opmerken. Denk aan een poging om te veel keer in te loggen, of vanaf een andere locatie of ander apparaat.

Je moet wachten voordat je opnieuw kan inloggen. Sommige blokkades worden automatisch opgeheven.

Hier vind je hulp als je problemen met inloggen hebt.
2025-01-30 09:14:59,614 - INFO - HTTP Request: GET https://x.com "HTTP/1.1 200 OK"
2025-01-30 09:15:00,559 - INFO - HTTP Request: GET https://abs.twimg.com/responsive-web/client-web/ondemand.s.731981da.js "HTTP/1.1 200 OK"
2025-01-30 09:15:01,147 - INFO - HTTP Request: GET https://api.x.com/1.1/account/settings.json "HTTP/1.1 200 OK"
2025-01-30 09:15:01,460 - INFO - HTTP Request: GET https://x.com/i/api/graphql/NimuplG1OB7Fd2btCLdBOw/UserByScreenName?variables=%7B%22screen_name%22%3A+%22bruv911317%22%2C+%22withSafetyModeUserFields%22%3A+false%7D&features=%7B%22hidden_profile_likes_enabled%22%3A+true%2C+%22hidden_profile_subscriptions_enabled%22%3A+true%2C+%22responsive_web_graphql_exclude_directive_enabled%22%3A+true%2C+%22verified_phone_label_enabled%22%3A+false%2C+%22subscriptions_verification_info_is_identity_verified_enabled%22%3A+true%2C+%22subscriptions_verification_info_verified_since_enabled%22%3A+true%2C+%22highlights_tweets_tab_ui_enabled%22%3A+true%2C+%22responsive_web_twitter_article_notes_tab_enabled%22%3A+false%2C+%22creator_subscriptions_tweet_preview_api_enabled%22%3A+true%2C+%22responsive_web_graphql_skip_user_profile_image_extensions_enabled%22%3A+false%2C+%22responsive_web_graphql_timeline_navigation_enabled%22%3A+true%7D&fieldToggles=%7B%22withAuxiliaryUserLabels%22%3A+false%7D "HTTP/1.1 200 OK"
2025-01-30 09:15:01,708 - INFO - HTTP Request: GET https://x.com/i/api/graphql/tD8zKvQzwY3kdx5yz6YmOw/UserByRestId?variables=%7B%22userId%22%3A+%221884688222711877632%22%2C+%22withSafetyModeUserFields%22%3A+true%7D&features=%7B%22hidden_profile_likes_enabled%22%3A+true%2C+%22hidden_profile_subscriptions_enabled%22%3A+true%2C+%22responsive_web_graphql_exclude_directive_enabled%22%3A+true%2C+%22verified_phone_label_enabled%22%3A+false%2C+%22subscriptions_verification_info_is_identity_verified_enabled%22%3A+true%2C+%22subscriptions_verification_info_verified_since_enabled%22%3A+true%2C+%22highlights_tweets_tab_ui_enabled%22%3A+true%2C+%22responsive_web_twitter_article_notes_tab_enabled%22%3A+false%2C+%22creator_subscriptions_tweet_preview_api_enabled%22%3A+true%2C+%22responsive_web_graphql_skip_user_profile_image_extensions_enabled%22%3A+false%2C+%22responsive_web_graphql_timeline_navigation_enabled%22%3A+true%7D "HTTP/1.1 200 OK"
2025-01-30 09:15:01,710 - INFO - Loaded cookies successfully. Logged in as bruv (@bruv911317).
2025-01-30 09:15:01,710 - INFO - Starting search for thread emoji tweets...
2025-01-30 09:15:03,168 - INFO - HTTP Request: GET https://x.com/i/api/graphql/flaR-PUMshxFWZWPNpq4zA/SearchTimeline?variables=%7B%22rawQuery%22%3A+%22Suicide+Drive+Thru%22%2C+%22count%22%3A+20%2C+%22querySource%22%3A+%22typed_query%22%2C+%22product%22%3A+%22Top%22%7D&features=%7B%22creator_subscriptions_tweet_preview_api_enabled%22%3A+true%2C+%22c9s_tweet_anatomy_moderator_badge_enabled%22%3A+true%2C+%22tweetypie_unmention_optimization_enabled%22%3A+true%2C+%22responsive_web_edit_tweet_api_enabled%22%3A+true%2C+%22graphql_is_translatable_rweb_tweet_is_translatable_enabled%22%3A+true%2C+%22view_counts_everywhere_api_enabled%22%3A+true%2C+%22longform_notetweets_consumption_enabled%22%3A+true%2C+%22responsive_web_twitter_article_tweet_consumption_enabled%22%3A+true%2C+%22tweet_awards_web_tipping_enabled%22%3A+false%2C+%22longform_notetweets_rich_text_read_enabled%22%3A+true%2C+%22longform_notetweets_inline_media_enabled%22%3A+true%2C+%22rweb_video_timestamps_enabled%22%3A+true%2C+%22responsive_web_graphql_exclude_directive_enabled%22%3A+true%2C+%22verified_phone_label_enabled%22%3A+false%2C+%22freedom_of_speech_not_reach_fetch_enabled%22%3A+true%2C+%22standardized_nudges_misinfo%22%3A+true%2C+%22tweet_with_visibility_results_prefer_gql_limited_actions_policy_enabled%22%3A+true%2C+%22responsive_web_media_download_video_enabled%22%3A+false%2C+%22responsive_web_graphql_skip_user_profile_image_extensions_enabled%22%3A+false%2C+%22responsive_web_graphql_timeline_navigation_enabled%22%3A+true%2C+%22responsive_web_enhance_cards_enabled%22%3A+false%7D "HTTP/1.1 200 OK"
2025-01-30 09:15:03,177 - INFO - 🔍 Found 19 potential tweets
2025-01-30 09:15:03,177 - INFO - No threads found. Displaying top 3 tweets.
2025-01-30 09:15:03,177 - INFO - Top Tweet #1 - ID: 1824089978168590534, User: News 5 Cleveland, Content: Taco Bell in Stow along Graham Road is CLOSED following a murder-suicide in the drive-thru lane last night. #TacoBell #Stow #News5 https://t.co/hYu5tx2zNf
2025-01-30 09:15:03,177 - INFO - Top Tweet #2 - ID: 1880745847299940829, User: Dom Lucre | Breaker of Narratives, Content: 🔥🚨DEVELOPING: Another man was caught without pants at a drive thru. Just a few days ago an Arizona man who was caught at a drive thru without pants committed suicide shortly after the video went viral. X users are calling this a ‘goondemic.’ https://t.co/SO73FXnqz3
2025-01-30 09:15:03,177 - INFO - Top Tweet #3 - ID: 1879244576344666496, User: Poe's Law, Esq: Poe's Lawyer, Content: OK, so this guy killed himself the next day 

Apparently, it was a place called Bikini Barista, like Starbucks if it was a Hooters.

They get guys exposing themselves semi often, but this guy was a repeat offender so that’s why she was recording https://t.co/Cy47Z6miCg
2025-01-30 09:15:06,897 - INFO - HTTP Request: GET https://x.com "HTTP/1.1 200 OK"
2025-01-30 09:15:07,454 - INFO - HTTP Request: GET https://abs.twimg.com/responsive-web/client-web/ondemand.s.731981da.js "HTTP/1.1 200 OK"
2025-01-30 09:15:08,050 - INFO - HTTP Request: GET https://api.x.com/1.1/account/settings.json "HTTP/1.1 200 OK"
2025-01-30 09:15:08,284 - INFO - HTTP Request: GET https://x.com/i/api/graphql/NimuplG1OB7Fd2btCLdBOw/UserByScreenName?variables=%7B%22screen_name%22%3A+%22bruv911317%22%2C+%22withSafetyModeUserFields%22%3A+false%7D&features=%7B%22hidden_profile_likes_enabled%22%3A+true%2C+%22hidden_profile_subscriptions_enabled%22%3A+true%2C+%22responsive_web_graphql_exclude_directive_enabled%22%3A+true%2C+%22verified_phone_label_enabled%22%3A+false%2C+%22subscriptions_verification_info_is_identity_verified_enabled%22%3A+true%2C+%22subscriptions_verification_info_verified_since_enabled%22%3A+true%2C+%22highlights_tweets_tab_ui_enabled%22%3A+true%2C+%22responsive_web_twitter_article_notes_tab_enabled%22%3A+false%2C+%22creator_subscriptions_tweet_preview_api_enabled%22%3A+true%2C+%22responsive_web_graphql_skip_user_profile_image_extensions_enabled%22%3A+false%2C+%22responsive_web_graphql_timeline_navigation_enabled%22%3A+true%7D&fieldToggles=%7B%22withAuxiliaryUserLabels%22%3A+false%7D "HTTP/1.1 200 OK"
2025-01-30 09:15:08,473 - INFO - HTTP Request: GET https://x.com/i/api/graphql/tD8zKvQzwY3kdx5yz6YmOw/UserByRestId?variables=%7B%22userId%22%3A+%221884688222711877632%22%2C+%22withSafetyModeUserFields%22%3A+true%7D&features=%7B%22hidden_profile_likes_enabled%22%3A+true%2C+%22hidden_profile_subscriptions_enabled%22%3A+true%2C+%22responsive_web_graphql_exclude_directive_enabled%22%3A+true%2C+%22verified_phone_label_enabled%22%3A+false%2C+%22subscriptions_verification_info_is_identity_verified_enabled%22%3A+true%2C+%22subscriptions_verification_info_verified_since_enabled%22%3A+true%2C+%22highlights_tweets_tab_ui_enabled%22%3A+true%2C+%22responsive_web_twitter_article_notes_tab_enabled%22%3A+false%2C+%22creator_subscriptions_tweet_preview_api_enabled%22%3A+true%2C+%22responsive_web_graphql_skip_user_profile_image_extensions_enabled%22%3A+false%2C+%22responsive_web_graphql_timeline_navigation_enabled%22%3A+true%7D "HTTP/1.1 200 OK"
2025-01-30 09:15:08,474 - INFO - Loaded cookies successfully. Logged in as bruv (@bruv911317).
2025-01-30 09:15:08,482 - INFO - Starting search for thread emoji tweets...
2025-01-30 09:15:10,112 - INFO - HTTP Request: GET https://x.com/i/api/graphql/flaR-PUMshxFWZWPNpq4zA/SearchTimeline?variables=%7B%22rawQuery%22%3A+%22Suicide+Drive+Thru%22%2C+%22count%22%3A+20%2C+%22querySource%22%3A+%22typed_query%22%2C+%22product%22%3A+%22Top%22%7D&features=%7B%22creator_subscriptions_tweet_preview_api_enabled%22%3A+true%2C+%22c9s_tweet_anatomy_moderator_badge_enabled%22%3A+true%2C+%22tweetypie_unmention_optimization_enabled%22%3A+true%2C+%22responsive_web_edit_tweet_api_enabled%22%3A+true%2C+%22graphql_is_translatable_rweb_tweet_is_translatable_enabled%22%3A+true%2C+%22view_counts_everywhere_api_enabled%22%3A+true%2C+%22longform_notetweets_consumption_enabled%22%3A+true%2C+%22responsive_web_twitter_article_tweet_consumption_enabled%22%3A+true%2C+%22tweet_awards_web_tipping_enabled%22%3A+false%2C+%22longform_notetweets_rich_text_read_enabled%22%3A+true%2C+%22longform_notetweets_inline_media_enabled%22%3A+true%2C+%22rweb_video_timestamps_enabled%22%3A+true%2C+%22responsive_web_graphql_exclude_directive_enabled%22%3A+true%2C+%22verified_phone_label_enabled%22%3A+false%2C+%22freedom_of_speech_not_reach_fetch_enabled%22%3A+true%2C+%22standardized_nudges_misinfo%22%3A+true%2C+%22tweet_with_visibility_results_prefer_gql_limited_actions_policy_enabled%22%3A+true%2C+%22responsive_web_media_download_video_enabled%22%3A+false%2C+%22responsive_web_graphql_skip_user_profile_image_extensions_enabled%22%3A+false%2C+%22responsive_web_graphql_timeline_navigation_enabled%22%3A+true%2C+%22responsive_web_enhance_cards_enabled%22%3A+false%7D "HTTP/1.1 200 OK"
2025-01-30 09:15:10,114 - INFO - 🔍 Found 19 potential tweets
2025-01-30 09:15:10,114 - INFO - No threads found. Displaying top 3 tweets.
2025-01-30 09:15:10,114 - INFO - Top Tweet #1 - ID: 1824089978168590534, User: News 5 Cleveland, Content: Taco Bell in Stow along Graham Road is CLOSED following a murder-suicide in the drive-thru lane last night. #TacoBell #Stow #News5 https://t.co/hYu5tx2zNf
2025-01-30 09:15:10,114 - INFO - Top Tweet #2 - ID: 1879244576344666496, User: Poe's Law, Esq: Poe's Lawyer, Content: OK, so this guy killed himself the next day 

Apparently, it was a place called Bikini Barista, like Starbucks if it was a Hooters.

They get guys exposing themselves semi often, but this guy was a repeat offender so that’s why she was recording https://t.co/Cy47Z6miCg
2025-01-30 09:15:10,114 - INFO - Top Tweet #3 - ID: 1878966591540629521, User: Rain Drops Media, Content: Guy allegedly took his own life  today after a video of him  doing a drive through with out pants was posted 😳 🕊️ 🙏🏽 https://t.co/Ys69LZkhFq
2025-01-30 09:15:12,808 - INFO - HTTP Request: GET https://x.com "HTTP/1.1 200 OK"
2025-01-30 09:15:13,267 - INFO - HTTP Request: GET https://abs.twimg.com/responsive-web/client-web/ondemand.s.731981da.js "HTTP/1.1 200 OK"
2025-01-30 09:15:13,832 - INFO - HTTP Request: GET https://api.x.com/1.1/account/settings.json "HTTP/1.1 200 OK"
2025-01-30 09:15:14,023 - INFO - HTTP Request: GET https://x.com/i/api/graphql/NimuplG1OB7Fd2btCLdBOw/UserByScreenName?variables=%7B%22screen_name%22%3A+%22bruv911317%22%2C+%22withSafetyModeUserFields%22%3A+false%7D&features=%7B%22hidden_profile_likes_enabled%22%3A+true%2C+%22hidden_profile_subscriptions_enabled%22%3A+true%2C+%22responsive_web_graphql_exclude_directive_enabled%22%3A+true%2C+%22verified_phone_label_enabled%22%3A+false%2C+%22subscriptions_verification_info_is_identity_verified_enabled%22%3A+true%2C+%22subscriptions_verification_info_verified_since_enabled%22%3A+true%2C+%22highlights_tweets_tab_ui_enabled%22%3A+true%2C+%22responsive_web_twitter_article_notes_tab_enabled%22%3A+false%2C+%22creator_subscriptions_tweet_preview_api_enabled%22%3A+true%2C+%22responsive_web_graphql_skip_user_profile_image_extensions_enabled%22%3A+false%2C+%22responsive_web_graphql_timeline_navigation_enabled%22%3A+true%7D&fieldToggles=%7B%22withAuxiliaryUserLabels%22%3A+false%7D "HTTP/1.1 200 OK"
2025-01-30 09:15:14,254 - INFO - HTTP Request: GET https://x.com/i/api/graphql/tD8zKvQzwY3kdx5yz6YmOw/UserByRestId?variables=%7B%22userId%22%3A+%221884688222711877632%22%2C+%22withSafetyModeUserFields%22%3A+true%7D&features=%7B%22hidden_profile_likes_enabled%22%3A+true%2C+%22hidden_profile_subscriptions_enabled%22%3A+true%2C+%22responsive_web_graphql_exclude_directive_enabled%22%3A+true%2C+%22verified_phone_label_enabled%22%3A+false%2C+%22subscriptions_verification_info_is_identity_verified_enabled%22%3A+true%2C+%22subscriptions_verification_info_verified_since_enabled%22%3A+true%2C+%22highlights_tweets_tab_ui_enabled%22%3A+true%2C+%22responsive_web_twitter_article_notes_tab_enabled%22%3A+false%2C+%22creator_subscriptions_tweet_preview_api_enabled%22%3A+true%2C+%22responsive_web_graphql_skip_user_profile_image_extensions_enabled%22%3A+false%2C+%22responsive_web_graphql_timeline_navigation_enabled%22%3A+true%7D "HTTP/1.1 200 OK"
2025-01-30 09:15:14,256 - INFO - Loaded cookies successfully. Logged in as bruv (@bruv911317).
2025-01-30 09:15:14,256 - INFO - Starting search for thread emoji tweets...
2025-01-30 09:15:15,970 - INFO - HTTP Request: GET https://x.com/i/api/graphql/flaR-PUMshxFWZWPNpq4zA/SearchTimeline?variables=%7B%22rawQuery%22%3A+%22Suicide+Drive+Thru%22%2C+%22count%22%3A+20%2C+%22querySource%22%3A+%22typed_query%22%2C+%22product%22%3A+%22Top%22%7D&features=%7B%22creator_subscriptions_tweet_preview_api_enabled%22%3A+true%2C+%22c9s_tweet_anatomy_moderator_badge_enabled%22%3A+true%2C+%22tweetypie_unmention_optimization_enabled%22%3A+true%2C+%22responsive_web_edit_tweet_api_enabled%22%3A+true%2C+%22graphql_is_translatable_rweb_tweet_is_translatable_enabled%22%3A+true%2C+%22view_counts_everywhere_api_enabled%22%3A+true%2C+%22longform_notetweets_consumption_enabled%22%3A+true%2C+%22responsive_web_twitter_article_tweet_consumption_enabled%22%3A+true%2C+%22tweet_awards_web_tipping_enabled%22%3A+false%2C+%22longform_notetweets_rich_text_read_enabled%22%3A+true%2C+%22longform_notetweets_inline_media_enabled%22%3A+true%2C+%22rweb_video_timestamps_enabled%22%3A+true%2C+%22responsive_web_graphql_exclude_directive_enabled%22%3A+true%2C+%22verified_phone_label_enabled%22%3A+false%2C+%22freedom_of_speech_not_reach_fetch_enabled%22%3A+true%2C+%22standardized_nudges_misinfo%22%3A+true%2C+%22tweet_with_visibility_results_prefer_gql_limited_actions_policy_enabled%22%3A+true%2C+%22responsive_web_media_download_video_enabled%22%3A+false%2C+%22responsive_web_graphql_skip_user_profile_image_extensions_enabled%22%3A+false%2C+%22responsive_web_graphql_timeline_navigation_enabled%22%3A+true%2C+%22responsive_web_enhance_cards_enabled%22%3A+false%7D "HTTP/1.1 200 OK"
2025-01-30 09:15:15,980 - INFO - 🔍 Found 19 potential tweets
2025-01-30 09:15:15,981 - INFO - No threads found. Displaying top 3 tweets.
2025-01-30 09:15:15,981 - INFO - Top Tweet #1 - ID: 1824089978168590534, User: News 5 Cleveland, Content: Taco Bell in Stow along Graham Road is CLOSED following a murder-suicide in the drive-thru lane last night. #TacoBell #Stow #News5 https://t.co/hYu5tx2zNf
2025-01-30 09:15:15,981 - INFO - Top Tweet #2 - ID: 1879244576344666496, User: Poe's Law, Esq: Poe's Lawyer, Content: OK, so this guy killed himself the next day 

Apparently, it was a place called Bikini Barista, like Starbucks if it was a Hooters.

They get guys exposing themselves semi often, but this guy was a repeat offender so that’s why she was recording https://t.co/Cy47Z6miCg
2025-01-30 09:15:15,981 - INFO - Top Tweet #3 - ID: 1880745847299940829, User: Dom Lucre | Breaker of Narratives, Content: 🔥🚨DEVELOPING: Another man was caught without pants at a drive thru. Just a few days ago an Arizona man who was caught at a drive thru without pants committed suicide shortly after the video went viral. X users are calling this a ‘goondemic.’ https://t.co/SO73FXnqz3
2025-01-30 09:15:33,423 - INFO - HTTP Request: GET https://x.com "HTTP/1.1 200 OK"
2025-01-30 09:15:33,861 - INFO - HTTP Request: GET https://abs.twimg.com/responsive-web/client-web/ondemand.s.731981da.js "HTTP/1.1 200 OK"
2025-01-30 09:15:34,195 - INFO - HTTP Request: GET https://api.x.com/1.1/account/settings.json "HTTP/1.1 200 OK"
2025-01-30 09:15:34,837 - INFO - HTTP Request: GET https://x.com/i/api/graphql/NimuplG1OB7Fd2btCLdBOw/UserByScreenName?variables=%7B%22screen_name%22%3A+%22bruv911317%22%2C+%22withSafetyModeUserFields%22%3A+false%7D&features=%7B%22hidden_profile_likes_enabled%22%3A+true%2C+%22hidden_profile_subscriptions_enabled%22%3A+true%2C+%22responsive_web_graphql_exclude_directive_enabled%22%3A+true%2C+%22verified_phone_label_enabled%22%3A+false%2C+%22subscriptions_verification_info_is_identity_verified_enabled%22%3A+true%2C+%22subscriptions_verification_info_verified_since_enabled%22%3A+true%2C+%22highlights_tweets_tab_ui_enabled%22%3A+true%2C+%22responsive_web_twitter_article_notes_tab_enabled%22%3A+false%2C+%22creator_subscriptions_tweet_preview_api_enabled%22%3A+true%2C+%22responsive_web_graphql_skip_user_profile_image_extensions_enabled%22%3A+false%2C+%22responsive_web_graphql_timeline_navigation_enabled%22%3A+true%7D&fieldToggles=%7B%22withAuxiliaryUserLabels%22%3A+false%7D "HTTP/1.1 200 OK"
2025-01-30 09:15:35,088 - INFO - HTTP Request: GET https://x.com/i/api/graphql/tD8zKvQzwY3kdx5yz6YmOw/UserByRestId?variables=%7B%22userId%22%3A+%221884688222711877632%22%2C+%22withSafetyModeUserFields%22%3A+true%7D&features=%7B%22hidden_profile_likes_enabled%22%3A+true%2C+%22hidden_profile_subscriptions_enabled%22%3A+true%2C+%22responsive_web_graphql_exclude_directive_enabled%22%3A+true%2C+%22verified_phone_label_enabled%22%3A+false%2C+%22subscriptions_verification_info_is_identity_verified_enabled%22%3A+true%2C+%22subscriptions_verification_info_verified_since_enabled%22%3A+true%2C+%22highlights_tweets_tab_ui_enabled%22%3A+true%2C+%22responsive_web_twitter_article_notes_tab_enabled%22%3A+false%2C+%22creator_subscriptions_tweet_preview_api_enabled%22%3A+true%2C+%22responsive_web_graphql_skip_user_profile_image_extensions_enabled%22%3A+false%2C+%22responsive_web_graphql_timeline_navigation_enabled%22%3A+true%7D "HTTP/1.1 200 OK"
2025-01-30 09:15:35,089 - INFO - Loaded cookies successfully. Logged in as bruv (@bruv911317).
2025-01-30 09:15:35,089 - INFO - Starting search for thread emoji tweets...
2025-01-30 09:15:36,875 - INFO - HTTP Request: GET https://x.com/i/api/graphql/flaR-PUMshxFWZWPNpq4zA/SearchTimeline?variables=%7B%22rawQuery%22%3A+%22Suicide+Drive+Thru%22%2C+%22count%22%3A+20%2C+%22querySource%22%3A+%22typed_query%22%2C+%22product%22%3A+%22Top%22%7D&features=%7B%22creator_subscriptions_tweet_preview_api_enabled%22%3A+true%2C+%22c9s_tweet_anatomy_moderator_badge_enabled%22%3A+true%2C+%22tweetypie_unmention_optimization_enabled%22%3A+true%2C+%22responsive_web_edit_tweet_api_enabled%22%3A+true%2C+%22graphql_is_translatable_rweb_tweet_is_translatable_enabled%22%3A+true%2C+%22view_counts_everywhere_api_enabled%22%3A+true%2C+%22longform_notetweets_consumption_enabled%22%3A+true%2C+%22responsive_web_twitter_article_tweet_consumption_enabled%22%3A+true%2C+%22tweet_awards_web_tipping_enabled%22%3A+false%2C+%22longform_notetweets_rich_text_read_enabled%22%3A+true%2C+%22longform_notetweets_inline_media_enabled%22%3A+true%2C+%22rweb_video_timestamps_enabled%22%3A+true%2C+%22responsive_web_graphql_exclude_directive_enabled%22%3A+true%2C+%22verified_phone_label_enabled%22%3A+false%2C+%22freedom_of_speech_not_reach_fetch_enabled%22%3A+true%2C+%22standardized_nudges_misinfo%22%3A+true%2C+%22tweet_with_visibility_results_prefer_gql_limited_actions_policy_enabled%22%3A+true%2C+%22responsive_web_media_download_video_enabled%22%3A+false%2C+%22responsive_web_graphql_skip_user_profile_image_extensions_enabled%22%3A+false%2C+%22responsive_web_graphql_timeline_navigation_enabled%22%3A+true%2C+%22responsive_web_enhance_cards_enabled%22%3A+false%7D "HTTP/1.1 200 OK"
2025-01-30 09:15:36,878 - INFO - 🔍 Found 19 potential tweets
2025-01-30 09:15:36,878 - INFO - No threads found. Displaying top 3 tweets.
2025-01-30 09:15:36,878 - INFO - Top Tweet #1 - ID: 1824089978168590534, User: News 5 Cleveland, Content: Taco Bell in Stow along Graham Road is CLOSED following a murder-suicide in the drive-thru lane last night. #TacoBell #Stow #News5 https://t.co/hYu5tx2zNf
2025-01-30 09:15:36,878 - INFO - Top Tweet #2 - ID: 1879244576344666496, User: Poe's Law, Esq: Poe's Lawyer, Content: OK, so this guy killed himself the next day 

Apparently, it was a place called Bikini Barista, like Starbucks if it was a Hooters.

They get guys exposing themselves semi often, but this guy was a repeat offender so that’s why she was recording https://t.co/Cy47Z6miCg
2025-01-30 09:15:36,878 - INFO - Top Tweet #3 - ID: 1880745847299940829, User: Dom Lucre | Breaker of Narratives, Content: 🔥🚨DEVELOPING: Another man was caught without pants at a drive thru. Just a few days ago an Arizona man who was caught at a drive thru without pants committed suicide shortly after the video went viral. X users are calling this a ‘goondemic.’ https://t.co/SO73FXnqz3
